<?xml version="1.0" encoding="UTF-8"?>
<coverage generated="1630488214603" clover="3.2.0">
  <project timestamp="1630488214604" name="All files">
    <metrics statements="7" coveredstatements="7" conditionals="0" coveredconditionals="0" methods="1" coveredmethods="1" elements="8" coveredelements="8" complexity="0" loc="7" ncloc="7" packages="1" files="1" classes="1"/>
    <file name="stringLength.js" path="/home/r23b/Desktop/Projects/unit-testing-practice/stringLength.js">
      <metrics statements="7" coveredstatements="7" conditionals="0" coveredconditionals="0" methods="1" coveredmethods="1"/>
      <line num="1" count="1" type="stmt"/>
      <line num="2" count="1" type="stmt"/>
      <line num="3" count="1" type="stmt"/>
      <line num="4" count="1" type="stmt"/>
      <line num="5" count="6" type="stmt"/>
      <line num="7" count="1" type="stmt"/>
      <line num="10" count="1" type="stmt"/>
    </file>
  </project>
</coverage>
