{"/home/r23b/Desktop/Projects/unit-testing-practice/reverseString.js": {"path":"/home/r23b/Desktop/Projects/unit-testing-practice/reverseString.js","statementMap":{"0":{"start":{"line":1,"column":22},"end":{"line":1,"column":71}},"1":{"start":{"line":1,"column":34},"end":{"line":1,"column":71}},"2":{"start":{"line":3,"column":0},"end":{"line":3,"column":31}}},"fnMap":{"0":{"name":"(anonymous_0)","decl":{"start":{"line":1,"column":22},"end":{"line":1,"column":23}},"loc":{"start":{"line":1,"column":34},"end":{"line":1,"column":71}},"line":1}},"branchMap":{},"s":{"0":1,"1":7,"2":1},"f":{"0":7},"b":{},"_coverageSchema":"1a1c01bbd47fc00a2c39e90264f33305004495a9","hash":"cf467ed45973ce2ad6086da180794a2e9ba046fe"}
}
